commit c62afb57942e4f357b1c6700588f662829382e13
Author: Alexander Parks <alexjparks1@gmail.com>
Date:   Thu Jul 6 21:05:50 2023 -0500

    Completed unit tests

commit ae219e31da0a7ad86d6d729d599d9ede8401ecc9
Merge: 21b79d5 b1761eb
Author: Thomas Skrovan <thejaryak@gmail.com>
Date:   Thu Jul 6 20:12:23 2023 -0500

    Merge branch 'main' of https://gitlab.com/mkatiatran/cs-373-website

commit 21b79d58a5f1c0707a6ff5091329874c1b0a3229
Author: Thomas Skrovan <thejaryak@gmail.com>
Date:   Thu Jul 6 20:12:15 2023 -0500

    redid src

commit b1761eb30c08a4284e8acb3e31b70cb1c40861d8
Merge: f139a06 87151c1
Author: Alexander Parks <alexjparks1@gmail.com>
Date:   Thu Jul 6 20:01:28 2023 -0500

    Merge branch 'main' of gitlab.com:mkatiatran/cs-373-website

commit f139a06e947c5a76f3d59d2081ebcc90bc17fc8a
Author: Alexander Parks <alexjparks1@gmail.com>
Date:   Thu Jul 6 20:01:06 2023 -0500

    Updated unit tests

commit 87151c17f32c0ed2d5be7c080f09d04486e99789
Author: Thomas Skrovan <thejaryak@gmail.com>
Date:   Thu Jul 6 19:56:41 2023 -0500

    restructure dir

commit b7deaf2dae6711796956a6f84a58f132a73d535e
Author: Thomas Skrovan <thejaryak@gmail.com>
Date:   Thu Jul 6 19:45:00 2023 -0500

    added app.yaml

commit 06fe630fb12240f1ca538b156da841bf519a47d9
Author: Thomas Skrovan <thejaryak@gmail.com>
Date:   Thu Jul 6 19:42:47 2023 -0500

    limit recs and ings

commit f68f45ef546b8f12d801cf8182ce8d404f37534c
Merge: b8bdde1 40e3799
Author: Heyu Zhou <regina.zhou@utexas.edu>
Date:   Thu Jul 6 19:32:37 2023 -0500

    Merge branch 'main' of gitlab.com:mkatiatran/cs-373-website

commit b8bdde19884931d195bf20d49899a3c13c0074ec
Author: Heyu Zhou <regina.zhou@utexas.edu>
Date:   Thu Jul 6 19:32:15 2023 -0500

    changed dependencies of 'all'

commit 40e3799e90fa44db0ab75ec579c5eb7a1aba1c5a
Author: Alexander Parks <alexjparks1@gmail.com>
Date:   Thu Jul 6 19:28:42 2023 -0500

    Completed responsibilities on About page

commit 10e6f791b863aa31c08644b60a8dd933a530b034
Merge: a036ff8 cc4ba66
Author: Thomas Skrovan <thejaryak@gmail.com>
Date:   Thu Jul 6 19:25:07 2023 -0500

    Merge branch 'main' of https://gitlab.com/mkatiatran/cs-373-website

commit a036ff85d6089593e52cd29fc83ae0d6d7be498f
Author: Thomas Skrovan <thejaryak@gmail.com>
Date:   Thu Jul 6 19:24:59 2023 -0500

    updated urls

commit cc4ba66a4c0f7f2460fb1e6fc6afb00a38e236b4
Author: Heyu Zhou <regina.zhou@utexas.edu>
Date:   Thu Jul 6 19:15:52 2023 -0500

    changed messages for linkage

commit ceb488ca5bcde7a5d8ea027cb26de1cff189023e
Author: Heyu Zhou <regina.zhou@utexas.edu>
Date:   Thu Jul 6 18:56:31 2023 -0500

    fixed capitalization

commit 48ab99189b790a6e9dcd2b84bf4d789ec91c88ba
Merge: 569918f b2ab9ff
Author: Heyu Zhou <regina.zhou@utexas.edu>
Date:   Thu Jul 6 18:51:59 2023 -0500

    fixed capitalization

commit b2ab9ff01172facd2774e68b856b9ddd0c4a9b6b
Author: Thomas Skrovan <thejaryak@gmail.com>
Date:   Thu Jul 6 18:26:31 2023 -0500

    fixed style imports

commit 569918f207ae188bde8d6a58d1bf0503aca2d9ea
Author: Heyu Zhou <regina.zhou@utexas.edu>
Date:   Thu Jul 6 18:23:14 2023 -0500

    fixed capitalization errors

commit 93c2fff4004f80e1f0dbbef25ec6be01b29bbf84
Merge: 0231cf6 1e7d8b7
Author: Heyu Zhou <regina.zhou@utexas.edu>
Date:   Thu Jul 6 18:20:27 2023 -0500

    Merge branch 'main' of gitlab.com:mkatiatran/cs-373-website

commit 1e7d8b713224ab18b2c6f5fed1c7316ac1f36ea2
Author: Thomas Skrovan <thejaryak@gmail.com>
Date:   Thu Jul 6 18:12:33 2023 -0500

    fixed database uri

commit 20569be10418028dad5f53dd132fb588f6d67de1
Author: Alexander Parks <alexjparks1@gmail.com>
Date:   Thu Jul 6 17:48:57 2023 -0500

    Updated unit tests

commit 2608b766b5882ca748ff9e8d538d8d4e34e80f90
Merge: 979475e d465580
Author: Alexander Parks <alexjparks1@gmail.com>
Date:   Thu Jul 6 17:46:30 2023 -0500

    Merge branch 'main' of gitlab.com:mkatiatran/cs-373-website

commit 979475eef8ecfdc26f2831d0487809216ca305ef
Author: Alexander Parks <alexjparks1@gmail.com>
Date:   Thu Jul 6 17:46:07 2023 -0500

    Worked on unit tests and updated About page with new API links

commit d4655800648b11f2de6f68fa50c89f14f5fd1c3f
Author: Thomas Skrovan <thejaryak@gmail.com>
Date:   Thu Jul 6 17:42:45 2023 -0500

    fixed linking bug

commit 2b2ae0e7197031a939539bb3cf45ad56513531d8
Author: Thomas Skrovan <thejaryak@gmail.com>
Date:   Thu Jul 6 17:13:01 2023 -0500

    added full linking between model instances

commit 359a9daa994c14470641f618e99ef2cecf5794bb
Merge: d8e623e 9d2b4a9
Author: Thomas Skrovan <thejaryak@gmail.com>
Date:   Thu Jul 6 16:21:38 2023 -0500

    Merge branch 'main' of https://gitlab.com/mkatiatran/cs-373-website

commit d8e623e9709c8bade7f0d10ad815cbcaec4cfc04
Author: Thomas Skrovan <thejaryak@gmail.com>
Date:   Thu Jul 6 16:21:32 2023 -0500

    added final linking to database

commit 9d2b4a98c7b78baedef086715aae15cc2bde2995
Author: Monique Tran <mkatiatran@gmail.com>
Date:   Thu Jul 6 14:43:41 2023 -0500

    adding build folder

commit 30bdda3fa77a982ab51023f631b54bd695454994
Author: Regina Zhou <regina.zhou@utexas.edu>
Date:   Thu Jul 6 19:25:23 2023 +0000

    Update 4 files
    
    - /frontend/src/DietGroupsPage/Style/DietGroupCard.css
    - /frontend/src/DietGroupsPage/Style/DietGroupsLanding.css
    - /frontend/src/DietGroupsPage/style/DietGroupCard.css
    - /frontend/src/DietGroupsPage/style/DietGroupsLanding.css

commit 0231cf617e3069c7e1baae2145d11492ee6c6c48
Merge: 5daf280 6f04583
Author: Heyu Zhou <regina.zhou@utexas.edu>
Date:   Thu Jul 6 14:21:59 2023 -0500

    Merge branch 'main' of gitlab.com:mkatiatran/cs-373-website

commit 6f04583848495adb71957a6246c67d7537dd998e
Author: Regina Zhou <regina.zhou@utexas.edu>
Date:   Thu Jul 6 19:21:18 2023 +0000

    Update 18 files
    
    - /frontend/src/dietgroup_page/Style/DietStyle.css
    - /frontend/src/HomePage/Style/HomePageStyle.css
    - /frontend/src/HomePage/Style/NavBar.css
    - /frontend/src/ingredient_page/Style/IngredientStyle.css
    - /frontend/src/IngredientsPage/Style/IngredientCard.css
    - /frontend/src/IngredientsPage/Style/IngredientsLanding.css
    - /frontend/src/recipe_page/Style/RecipeLandingStyle.css
    - /frontend/src/RecipesPage/Style/RecipeCard.css
    - /frontend/src/RecipesPage/Style/RecipesLanding.css
    - /frontend/src/dietgroup_page/style/DietStyle.css
    - /frontend/src/HomePage/style/HomePageStyle.css
    - /frontend/src/HomePage/style/NavBar.css
    - /frontend/src/ingredient_page/style/IngredientStyle.css
    - /frontend/src/IngredientsPage/style/IngredientCard.css
    - /frontend/src/IngredientsPage/style/IngredientsLanding.css
    - /frontend/src/recipe_page/style/RecipeLandingStyle.css
    - /frontend/src/RecipesPage/style/RecipesLanding.css
    - /frontend/src/RecipesPage/style/RecipeCard.css

commit 5daf280fabe1c3e5b98f6636a53a31fd771d7952
Author: Heyu Zhou <regina.zhou@utexas.edu>
Date:   Thu Jul 6 14:05:48 2023 -0500

    changed picture for dairy free

commit 7d7801a84fce6faa776ad159d539296a70393ec1
Merge: 6a4b602 6e40643
Author: Heyu Zhou <regina.zhou@utexas.edu>
Date:   Thu Jul 6 14:05:06 2023 -0500

    Merge branch 'main' of gitlab.com:mkatiatran/cs-373-website

commit 6e406431de50eb848b19449b9e8508c1878cb1a1
Author: Monique Tran <mkatiatran@gmail.com>
Date:   Thu Jul 6 14:02:37 2023 -0500

    added react-scripts back

commit 6cb858604951d37cfb3e6dc7b0fe17ec347615d2
Author: Monique Tran <mkatiatran@gmail.com>
Date:   Thu Jul 6 18:41:06 2023 +0000

    Update package-lock.json

commit 6a4b602520c9cff46a7c1f781ffae6d498287499
Merge: be3b5bb 979558e
Author: Heyu Zhou <regina.zhou@utexas.edu>
Date:   Thu Jul 6 13:27:20 2023 -0500

    Merge branch 'main' of gitlab.com:mkatiatran/cs-373-website

commit be3b5bbaa0f0593807d9fd6806875a52fb99b1aa
Author: Heyu Zhou <regina.zhou@utexas.edu>
Date:   Thu Jul 6 13:23:20 2023 -0500

    added more attributes

commit 979558ea88b6582f9d736b647dd9c46ced9a37cb
Author: Monique Tran <mkatiatran@gmail.com>
Date:   Thu Jul 6 18:21:06 2023 +0000

    testing for aws

commit 8aa9316f70c48e5f871c41bbd064774eefba4431
Author: Monique Tran <mkatiatran@gmail.com>
Date:   Thu Jul 6 17:50:20 2023 +0000

    so long gcp

commit e7dd1d6337b8315142621a14b532f9a75b24af92
Author: Heyu Zhou <regina.zhou@utexas.edu>
Date:   Thu Jul 6 11:31:11 2023 -0500

    aligned card height

commit 4e2c5ebe9eaae7f20bec853e275508036a41b4c2
Author: Heyu Zhou <regina.zhou@utexas.edu>
Date:   Thu Jul 6 11:19:40 2023 -0500

    changed reference to style sheet

commit 73cab0c641edc82ee22cabb0a0e5428f6d2ebd76
Merge: 9c33b7c a49271a
Author: Heyu Zhou <regina.zhou@utexas.edu>
Date:   Thu Jul 6 10:55:48 2023 -0500

    Merge branch 'main' of gitlab.com:mkatiatran/cs-373-website

commit a49271a66d904edcba78e746b7566f8cb5b8064d
Author: Thomas Skrovan <thejaryak@gmail.com>
Date:   Thu Jul 6 09:50:27 2023 -0500

    added local db_uri back, commented hardcoded cloud url in case still needed

commit 51bb134a248461335dff7a9d3782b7e8e41342ba
Merge: 1e9d8f3 eb869b0
Author: Thomas Skrovan <thejaryak@gmail.com>
Date:   Thu Jul 6 09:48:58 2023 -0500

    Co-authored-by: mkatiatran <mkatiatran@users.noreply.github.com>

commit 1e9d8f369289ad82dcc37804482d6a5fc5715138
Author: Thomas Skrovan <thejaryak@gmail.com>
Date:   Thu Jul 6 09:48:38 2023 -0500

    fixed style page refs

commit eb869b081925c89e48105326cbb728755225be2e
Author: Monique Tran <mkatiatran@gmail.com>
Date:   Thu Jul 6 14:38:57 2023 +0000

    mimicking test repo

commit a74471574f46133b182bfa1b3ceb6650e8ab490a
Author: Monique Tran <mkatiatran@gmail.com>
Date:   Thu Jul 6 14:02:21 2023 +0000

    trying new DB string

commit 3c2bcb2b2cf28791c2ede1c0f411ab45da1b713d
Author: Monique Tran <mkatiatran@gmail.com>
Date:   Thu Jul 6 13:54:18 2023 +0000

    switching back to old database

commit a0d1608acebf55c6d669cec0edc11ef931687ff6
Author: Monique Tran <mkatiatran@gmail.com>
Date:   Thu Jul 6 13:08:02 2023 +0000

    attempting different database

commit e17bc6ad213389e98aed076ca7d9e1cff2bfb905
Author: Rey Sanchez Samper <sadansanchez3@gmail.com>
Date:   Thu Jul 6 06:26:13 2023 -0500

    Added Loading message to the Recipes page

commit 092999f278c47e3fce6632b2653da7e75913149b
Author: Rey Sanchez Samper <sadansanchez3@gmail.com>
Date:   Thu Jul 6 06:23:49 2023 -0500

    Added Loading message to DietGroups page

commit 46c9a8f771f585e20c39fbe5ca454835cb1d0fc5
Author: Rey Sanchez Samper <sadansanchez3@gmail.com>
Date:   Thu Jul 6 06:20:17 2023 -0500

    Added Loading message to the Ingredients page

commit 272f14f244f18212d94cc5c57756538b49bea074
Author: Rey Sanchez Samper <sadansanchez3@gmail.com>
Date:   Thu Jul 6 05:59:30 2023 -0500

    Added attributes to ingredient cards. Changed style of the other model cards to be consistent across the board. Rounded attributes in the ingredient cards so they wouldn't take up a lot of space

commit 818f872cb5d5ab0e19fcb261845ad89363ae4bc0
Author: Rey Sanchez Samper <sadansanchez3@gmail.com>
Date:   Thu Jul 6 05:30:19 2023 -0500

    Fixed the style for the Diet Group cards. Added Restrictions to the cards. Centered the View Details button

commit 9c33b7cf0ca62fca21b456dab7661e2bef961857
Author: Heyu Zhou <regina.zhou@utexas.edu>
Date:   Thu Jul 6 03:29:10 2023 -0500

    added servings for recipes cards

commit 2fdb4219a1d1171bafd793f4e856ce90fd53e2b8
Author: Heyu Zhou <regina.zhou@utexas.edu>
Date:   Thu Jul 6 03:23:56 2023 -0500

    added cards for recipes page

commit 7d4e70f4dc9a033f2dab066db3eb3e1affe3c93f
Author: Heyu Zhou <regina.zhou@utexas.edu>
Date:   Thu Jul 6 00:22:00 2023 -0500

    fixed dependency issues

commit 40308aeea6966e03e5e7c0edb291aa1125432f1c
Author: Heyu Zhou <regina.zhou@utexas.edu>
Date:   Wed Jul 5 23:45:42 2023 -0500

    fixed the blank space below navbar

commit 1332d26ee4162f8db6bb9803bd8b866e363c12d9
Author: Heyu Zhou <regina.zhou@utexas.edu>
Date:   Wed Jul 5 23:44:30 2023 -0500

    fixed the blank space below navbar

commit 668478833f9c94f5409384fe6b62984dc3407360
Author: Heyu Zhou <regina.zhou@utexas.edu>
Date:   Wed Jul 5 23:43:39 2023 -0500

    fixed the blank space below navbar

commit 563b36190f42fc7a823956a1bdf8eb832d174c41
Author: Heyu Zhou <regina.zhou@utexas.edu>
Date:   Wed Jul 5 23:42:08 2023 -0500

    fixed the blank space below navbar

commit 5d5e2790c74202b12fb3f66976c3f2383cad14b6
Author: Heyu Zhou <regina.zhou@utexas.edu>
Date:   Wed Jul 5 23:27:24 2023 -0500

    added styles for the diet group page

commit 14410d721bed74b8b71f943d01229fe60a4c7616
Merge: 75ac477 031f8d2
Author: Heyu Zhou <regina.zhou@utexas.edu>
Date:   Wed Jul 5 23:26:43 2023 -0500

    Merge branch 'main' of gitlab.com:mkatiatran/cs-373-website

commit 031f8d2694612a26140e3a5e99e2bba48f852f80
Merge: c6b6e1f 75ac477
Author: Rey Sanchez Samper <sadansanchez3@gmail.com>
Date:   Wed Jul 5 23:25:56 2023 -0500

    Merge branch 'main' of https://gitlab.com/mkatiatran/cs-373-website

commit c6b6e1f70c982abec7a96bc872d5954de1ae9936
Author: Rey Sanchez Samper <sadansanchez3@gmail.com>
Date:   Wed Jul 5 23:25:30 2023 -0500

    Added the DietGroup page. Created pagination for the diet groups with cards that link to the instances

commit 75ac477fce278015aa2a05204a9c2ea49e56e528
Author: Heyu Zhou <regina.zhou@utexas.edu>
Date:   Wed Jul 5 23:04:18 2023 -0500

    changed colors

commit 031324c96532e845cd9f03ed304913efeee5d808
Author: Heyu Zhou <regina.zhou@utexas.edu>
Date:   Wed Jul 5 23:02:49 2023 -0500

    added styles for ing page

commit 38cf9d6677b14e35edb6616d807176903c0fe587
Merge: 4e6ef2c 9672983
Author: Heyu Zhou <regina.zhou@utexas.edu>
Date:   Wed Jul 5 23:02:09 2023 -0500

    Merge branch 'main' of gitlab.com:mkatiatran/cs-373-website

commit 96729833fdd481836eee8c4cc55756ef566a7518
Author: Rey Sanchez Samper <sadansanchez3@gmail.com>
Date:   Wed Jul 5 22:38:16 2023 -0500

    Created the Recipes page and added pagination with Recipe Cards that link to the recipe instances

commit 4e6ef2c5be43f13c4bb6dedc966cf2c399bde85f
Merge: 1e948f3 4216129
Author: Heyu Zhou <regina.zhou@utexas.edu>
Date:   Wed Jul 5 22:33:43 2023 -0500

    Merge branch 'main' of gitlab.com:mkatiatran/cs-373-website

commit 1e948f3f60b8fdc25da36ffa0ba8d9a1c0388bc7
Author: Heyu Zhou <regina.zhou@utexas.edu>
Date:   Wed Jul 5 22:30:10 2023 -0500

    added styles for recipe page

commit 421612929393d1685e373c2eafc9c753ccf1d84f
Author: Thomas Skrovan <thejaryak@gmail.com>
Date:   Wed Jul 5 22:03:01 2023 -0500

    added linking from cards to instance pages

commit b4b841349d21fcbb1085d40538934dfc04709bcb
Author: Thomas Skrovan <thejaryak@gmail.com>
Date:   Wed Jul 5 21:35:21 2023 -0500

    made ingredients have clean names

commit 661a3581cb12a371c0c5825a3ee517c9fc054b4d
Merge: cb73cea f003adc
Author: Heyu Zhou <regina.zhou@utexas.edu>
Date:   Wed Jul 5 21:23:28 2023 -0500

    Merge branch 'main' of gitlab.com:mkatiatran/cs-373-website

commit f003adc0bf02bb811447fc38cd0e64ae1c36ab62
Merge: ce5b342 1c99b33
Author: Thomas Skrovan <thejaryak@gmail.com>
Date:   Wed Jul 5 21:22:54 2023 -0500

    Merge branch 'main' of https://gitlab.com/mkatiatran/cs-373-website

commit ce5b342542b61313cd609cd733188148c61ae924
Author: Thomas Skrovan <thejaryak@gmail.com>
Date:   Wed Jul 5 21:22:38 2023 -0500

    updated dietgroup instance page

commit 1c99b33bc8d8852c4c362d5f260d4d35082148d9
Merge: 674031e d84584b
Author: Rey Sanchez Samper <sadansanchez3@gmail.com>
Date:   Wed Jul 5 21:10:24 2023 -0500

    Merge branch 'main' of https://gitlab.com/mkatiatran/cs-373-website

commit 674031e164b564dbea4ec0f592a6a67592ba0459
Author: Rey Sanchez Samper <sadansanchez3@gmail.com>
Date:   Wed Jul 5 21:06:19 2023 -0500

    Finalized Pagination in the Ingredients Page pulling info from the database (locally hosted for the moment)

commit d84584b8c1450540313dad8bbb5902b13e4f5ceb
Author: Thomas Skrovan <thejaryak@gmail.com>
Date:   Wed Jul 5 21:06:00 2023 -0500

    added dietgroup attributes, refilled database, started reworking dietgroup instance page

commit cb73cea2d1176543a425be979d60dbce2a5c0735
Author: Heyu Zhou <regina.zhou@utexas.edu>
Date:   Wed Jul 5 21:02:15 2023 -0500

    fixed styling for home pahe

commit b7c944246ec6ce75e77b8afef6afaebebe959a3c
Author: Monique Tran <mkatiatran@gmail.com>
Date:   Tue Jul 4 16:23:45 2023 +0000

    adding flask_cors as an import

commit ee08a0805c9c9ad5deb255229879384b9a90d5c2
Author: Rey Sanchez Samper <sadansanchez3@gmail.com>
Date:   Tue Jul 4 06:22:31 2023 -0500

    Fixed the /home reference in App. Created a basic version of IngredientsCard. Created Ingredients Landing. Added pagination to the Ingredients page (empty cards at the moment)

commit 739db07fac24a41c99db6a211e2023145d6a0641
Author: Thomas Skrovan <thejaryak@gmail.com>
Date:   Mon Jul 3 22:07:52 2023 -0500

    linking established

commit e5d4d1e020f3474e878ee272ba620364f030bb70
Author: Thomas Skrovan <thejaryak@gmail.com>
Date:   Mon Jul 3 21:27:21 2023 -0500

    Slow Cooker Beef Stew

commit d93326225b7e35b1fe45b797583fd3650ace7de8
Author: Thomas Skrovan <thejaryak@gmail.com>
Date:   Mon Jul 3 21:12:02 2023 -0500

    pair programming >>>

commit bf58e3fd70ee306d97a75bb3321512a1214596f5
Merge: 1ece907 a81d260
Author: Thomas Skrovan <thejaryak@gmail.com>
Date:   Mon Jul 3 20:59:37 2023 -0500

    Merge branch 'main' of https://gitlab.com/mkatiatran/cs-373-website

commit 1ece9074f942ad0f251fee1c31aeddd635ef821b
Author: Thomas Skrovan <thejaryak@gmail.com>
Date:   Mon Jul 3 20:59:25 2023 -0500

    CORS <<<

commit a81d260c0b63e4fcdd3005f8cfe59ca88a8785f2
Author: Heyu Zhou <regina.zhou@utexas.edu>
Date:   Mon Jul 3 20:37:48 2023 -0500

    updated Home stylesheet

commit 1e12cbcd51bf552e693ebc3a9c16611747d69552
Author: Heyu Zhou <regina.zhou@utexas.edu>
Date:   Mon Jul 3 20:37:10 2023 -0500

    updated Home.tsx

commit 850a9caefac5cb264c285c3c7cba2c6a8df4008e
Merge: 07fc5ac 926896c
Author: Heyu Zhou <regina.zhou@utexas.edu>
Date:   Mon Jul 3 20:20:32 2023 -0500

    Merge remote-tracking branch 'refs/remotes/origin/main'

commit 07fc5ac8f9a4bd69a33c5c338b869f23bd84d8a2
Author: Heyu Zhou <regina.zhou@utexas.edu>
Date:   Mon Jul 3 20:19:21 2023 -0500

    makes splash page compilable

commit 926896c946c791584fe5f6cb6f48792f64a5e785
Author: Thomas Skrovan <thejaryak@gmail.com>
Date:   Mon Jul 3 19:50:48 2023 -0500

    plumbing

commit eebf77e2b13d827ec7621366f867e7de8e604962
Merge: 3160d2c 9696fb6
Author: Thomas Skrovan <thejaryak@gmail.com>
Date:   Mon Jul 3 19:50:07 2023 -0500

    Co-authored-by: mkatiatran <mkatiatran@users.noreply.github.com>

commit 3160d2ccfb2f58f2570b8b633c7def565c8924b5
Author: Thomas Skrovan <thejaryak@gmail.com>
Date:   Mon Jul 3 19:48:21 2023 -0500

    fix pipeline

commit 9696fb61d4325bd7b0ec35100ef68f16a1ada375
Author: Monique Tran <mkatiatran@gmail.com>
Date:   Tue Jul 4 00:36:22 2023 +0000

    testing for gcloud deployment

commit 6d37a4d09096ef538bb6bc60e0a9a196be120c95
Author: Monique Tran <mkatiatran@gmail.com>
Date:   Tue Jul 4 00:35:29 2023 +0000

    testing for gcloud deployment

commit d0c52d5e16cf77b5e40ab7135a3f4a4b8143ca26
Author: Monique Tran <mkatiatran@gmail.com>
Date:   Mon Jul 3 19:34:01 2023 -0500

    had to move all items out of backend folder so that app.yaml knows where requirements and main.py is, will try to fix in phase 3

commit fa1f5f44d1b390426816651439106681dba96162
Author: Monique Tran <mkatiatran@gmail.com>
Date:   Tue Jul 4 00:10:10 2023 +0000

    re-re-re-re-re-re-re-organizing requirements.txt

commit 88b76b7a2e9c6d847ba183492606ea2d00e5a02f
Author: Heyu Zhou <regina.zhou@utexas.edu>
Date:   Mon Jul 3 15:39:58 2023 -0500

    creating React version of splash page

commit 97943313db564f8d7bc7873d89f9455c5c114733
Author: Heyu Zhou <regina.zhou@utexas.edu>
Date:   Mon Jul 3 11:39:27 2023 -0500

    fixed images for home page

commit 2ea1f74fc4cc1c40f4150c53d9761f729f398049
Merge: 80eea38 cb9cbee
Author: Heyu Zhou <regina.zhou@utexas.edu>
Date:   Mon Jul 3 11:18:10 2023 -0500

    Merge branch 'main' of gitlab.com:mkatiatran/cs-373-website

commit cb9cbee224c7a328c371c020185a8aa4f01af392
Author: Thomas Skrovan <thejaryak@gmail.com>
Date:   Sun Jul 2 17:09:50 2023 -0500

    works again

commit 18ec637516c9c86c6583e3e16aa4d78f47b3e49f
Author: Thomas Skrovan <thejaryak@gmail.com>
Date:   Sun Jul 2 17:06:40 2023 -0500

    square 1

commit ca854c4239826ca9809df93c351a444ff3dbc43f
Merge: 9338dbd 90772b1
Author: Thomas Skrovan <thejaryak@gmail.com>
Date:   Sun Jul 2 17:01:27 2023 -0500

    Merge branch 'main' of https://gitlab.com/mkatiatran/cs-373-website

commit 9338dbdc78b249feaab86d55021f552111f79e89
Author: Thomas Skrovan <thejaryak@gmail.com>
Date:   Sun Jul 2 17:01:16 2023 -0500

    re-re-re-re-re-re-re-organizing requirements.txt

commit 90772b1139e6ec341f8f8a8abcc140566c0199b8
Author: Thomas Skrovan <thejaryak@gmail.com>
Date:   Sun Jul 2 16:52:33 2023 -0500

    re-re-re-re-re-re-organizing requirements.txt

commit e427b21bd311e7caaacb6ca8713e2277e3cd26d2
Author: Thomas Skrovan <thejaryak@gmail.com>
Date:   Sun Jul 2 16:51:44 2023 -0500

    dump

commit e43de60d32ed84d052d06e1c8bd6fde04a8504dd
Author: Thomas Skrovan <thejaryak@gmail.com>
Date:   Sun Jul 2 16:49:33 2023 -0500

    re-re-re-re-re-organizing requirements.txt

commit 7a53754bc60aba29bddec6f6647adee376476fee
Author: Thomas Skrovan <thejaryak@gmail.com>
Date:   Sun Jul 2 16:46:35 2023 -0500

    trying to put app.yaml/requirements.txt in the backend folder

commit e1fe06a38e6d3545f0fff25acfc2e14933cc1c68
Author: Thomas Skrovan <thejaryak@gmail.com>
Date:   Sun Jul 2 16:30:02 2023 -0500

    re-re-re-re-organizing requirements.txt

commit 0a8e2965e7e95eb5413ff3a6fee6ca7603531d38
Author: Thomas Skrovan <thejaryak@gmail.com>
Date:   Sun Jul 2 16:28:44 2023 -0500

    re-re-re-organizing requirements.txt

commit 07b6e039b4db6f130206bc827085df2900a7d120
Author: Thomas Skrovan <thejaryak@gmail.com>
Date:   Sun Jul 2 16:24:56 2023 -0500

    re-re-organizing requirements.txt

commit 0acde75f7462e4b7790579635a55f93cafafabac
Author: Thomas Skrovan <thejaryak@gmail.com>
Date:   Sun Jul 2 16:17:44 2023 -0500

    reorganizing requirements.txt

commit e799d9aa9d76761a08f254ae2dd44649290f051f
Author: Thomas Skrovan <thejaryak@gmail.com>
Date:   Sun Jul 2 16:10:13 2023 -0500

    fixed requirements.txt version conflict

commit d7704eec638642b5c00de6e6ccc63fdf5b2eba9a
Merge: 4a82201 7fba91c
Author: Thomas Skrovan <thejaryak@gmail.com>
Date:   Sun Jul 2 16:06:59 2023 -0500

    Merge branch 'main' of https://gitlab.com/mkatiatran/cs-373-website

commit 7fba91c60bb14ec998e076e91d77f2b9aa1f126c
Author: Monique Tran <mkatiatran@gmail.com>
Date:   Sun Jul 2 21:05:46 2023 +0000

    Update .gitlab-ci.yml

commit 4a822018746fb7681cccb4550d2ed0684917d872
Author: Thomas Skrovan <thejaryak@gmail.com>
Date:   Sun Jul 2 16:05:45 2023 -0500

    ci yaml update

commit de3bcdac534641c028b9a790c8a455b2f1a20ed4
Author: Thomas Skrovan <thejaryak@gmail.com>
Date:   Sun Jul 2 16:03:39 2023 -0500

    fixed gcp app.yml

commit 12993663827bc286800cc72f927471af3c06d04f
Author: Thomas Skrovan <thejaryak@gmail.com>
Date:   Sun Jul 2 15:54:24 2023 -0500

    more edits to cont. integ. file

commit 6a7c30f1989bf277b61dec01d0fcfc04512cf798
Author: Monique Tran <mkatiatran@gmail.com>
Date:   Sun Jul 2 20:54:07 2023 +0000

    Update requirements.txt

commit 784d549217bf8226f649a16288d0e84bf0bad506
Author: Thomas Skrovan <thejaryak@gmail.com>
Date:   Sun Jul 2 15:52:35 2023 -0500

    edit to cont. integ. file

commit 7bd6e77e74d5387fa963db7f9608f0fdf8673523
Author: Monique Tran <mkatiatran@gmail.com>
Date:   Sun Jul 2 20:52:02 2023 +0000

    Update requirements.txt

commit 990dc465ddd6ebf4b57e71a8038165fc02dd6319
Merge: 0cb11d2 afb330b
Author: Thomas Skrovan <thejaryak@gmail.com>
Date:   Sun Jul 2 15:46:58 2023 -0500

    Merge branch 'main' of https://gitlab.com/mkatiatran/cs-373-website

commit 0cb11d2126c217c1f27acae82714d1a9064a6773
Author: Thomas Skrovan <thejaryak@gmail.com>
Date:   Sun Jul 2 15:46:31 2023 -0500

    added gitlab ci and made sqlalchemy config compatible with gitlab and gcp

commit afb330b4393ecf62e0bb56140670506ea000f93d
Author: Monique Tran <mkatiatran@gmail.com>
Date:   Sun Jul 2 20:46:10 2023 +0000

    removed gunicorn

commit 6c625a24fba5ada08dfc8fc31c981a4d136c5787
Author: Monique Tran <mkatiatran@gmail.com>
Date:   Sun Jul 2 20:41:33 2023 +0000

    Updated requirements.txt for GCP deployment with postgres database

commit f59426e1ac3e03ca893ef4b01bda088999bbb8f5
Author: Monique Tran <mkatiatran@gmail.com>
Date:   Sun Jul 2 20:31:47 2023 +0000

    Updated app.yaml, trying to launch on GCP

commit da3cc21885639e76ad6b29cb766c43187a3c5316
Author: Monique Tran <mkatiatran@gmail.com>
Date:   Sun Jul 2 20:28:49 2023 +0000

    Updated app.yaml for GCP

commit 8331b5c659f59f1d2ba9e11f9b1aa6034ada0c29
Author: Thomas Skrovan <thejaryak@gmail.com>
Date:   Sun Jul 2 14:44:18 2023 -0500

    api calls for instance by id

commit 8d4e6e3715916e93cf1033a934d988a7be2a07bb
Author: Rey Sanchez Samper <sadansanchez3@gmail.com>
Date:   Sun Jul 2 05:08:42 2023 -0500

    Reestablished the NavBar and the About Us page using React

commit bc96b348138c9cfe2c35c0f6176a55d3d962d1a3
Author: Thomas Skrovan <thejaryak@gmail.com>
Date:   Sat Jul 1 16:27:53 2023 -0500

    added more structure to frontend

commit 407d01907a9245eb995cd5571166ad6005b3a652
Author: Thomas Skrovan <thejaryak@gmail.com>
Date:   Sat Jul 1 15:48:59 2023 -0500

    psuhed initial frontend react app structure

commit fa1fec2aebff8f5a80d579eb2b3570a461789dd9
Author: Thomas Skrovan <thejaryak@gmail.com>
Date:   Sat Jul 1 15:05:35 2023 -0500

    ,

commit 0736bb8dd23f3c4301ed455d6cba51efbaf3caca
Author: Thomas Skrovan <thejaryak@gmail.com>
Date:   Fri Jun 30 21:27:20 2023 -0500

    api json returns in mostly working state

commit f7a2675c1f73f455c2c9a8071e9d755823ea2a8e
Author: Thomas Skrovan <thejaryak@gmail.com>
Date:   Fri Jun 30 21:08:03 2023 -0500

    if __name__ == __main__:

commit c0c3af77aa94840d83b9b21e6e2b1981c25e1acf
Author: Thomas Skrovan <thejaryak@gmail.com>
Date:   Thu Jun 29 22:01:03 2023 -0500

    the pantry is filled

commit 1d8b38c822069640a6d7abdf9544d1752fc5376f
Author: Thomas Skrovan <thejaryak@gmail.com>
Date:   Thu Jun 29 20:29:41 2023 -0500

    ingredient id: 10311529

commit 0da1eb84e7c492d87fd5d40fd71b7dbf291274a8
Author: Thomas Skrovan <thejaryak@gmail.com>
Date:   Thu Jun 29 17:00:12 2023 -0500

    started working on SQLAlchemy files

commit 7bb1d5e63dc8c69c6b3a491ba8bdbddd294ffa9f
Author: Thomas Skrovan <thejaryak@gmail.com>
Date:   Thu Jun 29 14:51:06 2023 -0500

    restructured repo

commit c7f5a8faaadaab312e5670cef94a20779ce9b35a
Author: Alexander Parks <alexjparks1@gmail.com>
Date:   Mon Jun 26 17:34:16 2023 -0500

    Completed phase 1, Closes #1, #2, #6, #7, #10, #13

commit bb169c0552c76c7ce893d095f7679e30f7d4bc15
Merge: 68540f1 80eea38
Author: Alexander Parks <alexjparks1@gmail.com>
Date:   Mon Jun 26 17:32:00 2023 -0500

    Merge branch 'main' of gitlab.com:mkatiatran/cs-373-website

commit 68540f1e2c1194a09a714f5a598840d8d75e93e0
Author: Alexander Parks <alexjparks1@gmail.com>
Date:   Mon Jun 26 17:31:43 2023 -0500

    Completed phase 1, Closes #1, #2, #6, #7, #10, #13

commit 80eea3875e2405855f2eb2334cd3851728581c69
Author: Heyu Zhou <regina.zhou@utexas.edu>
Date:   Mon Jun 26 16:55:30 2023 -0500

    fixed navbar

commit ac8ce080aa271e7c5412ee6ba88e13ec63af0654
Author: Heyu Zhou <regina.zhou@utexas.edu>
Date:   Mon Jun 26 16:47:19 2023 -0500

    fixed navbar fix-top for all pages

commit f496b6eba3dcc2f1961bfef5ed6278dfeef763a9
Author: Heyu Zhou <regina.zhou@utexas.edu>
Date:   Mon Jun 26 16:24:41 2023 -0500

    made navbar fixed on top

commit b0d27277a1ef7cca4e5deee6ed3971a06e6f2ba9
Merge: 1913806 95d74e2
Author: Monique Tran <mkatiatran@gmail.com>
Date:   Mon Jun 26 16:03:36 2023 -0500

    made navbar uniform across all pages

commit 1913806b655268bf6976fe96fcb19c5bb184190c
Author: Monique Tran <mkatiatran@gmail.com>
Date:   Mon Jun 26 16:03:05 2023 -0500

    made navbar uniform across all pages

commit 95d74e2ef93cbbc74ccaf1d6d8adfe0dd3120700
Author: Heyu Zhou <regina.zhou@utexas.edu>
Date:   Mon Jun 26 15:25:11 2023 -0500

    fixed carousel images

commit e43f27044808c67bc6ebe373894cb5659cbedf27
Author: Rey Sanchez Samper <sadansanchez3@gmail.com>
Date:   Mon Jun 26 14:55:04 2023 -0500

    Renamed the file to see if the format change goes through

commit 52482f0ded637aa99f529e7383592d84fbc77cb9
Author: Rey Sanchez Samper <sadansanchez3@gmail.com>
Date:   Mon Jun 26 14:52:34 2023 -0500

    adjusted the path

commit bb622e7b448df265097e4e2d68a16c518e38b06a
Author: Rey Sanchez Samper <sadansanchez3@gmail.com>
Date:   Mon Jun 26 14:50:24 2023 -0500

    Changed alex's profile from JPG to jpg

commit 649163242bf1077b9884fcdadb827bcc4a9ee3f5
Author: Monique Tran <mkatiatran@gmail.com>
Date:   Mon Jun 26 11:08:09 2023 -0500

    made home page scaleable to small, medium screens

commit a30d06e35e9e352672c439e1fc46b3db43143d30
Author: Alexander Parks <alexjparks1@gmail.com>
Date:   Mon Jun 26 10:58:12 2023 -0500

    Complete tools, workflow and responsibilties, Closes #14

commit c8929f017b446b6271257dcf842cc242c52030ff
Author: Alexander Parks <alexjparks1@gmail.com>
Date:   Mon Jun 26 10:38:29 2023 -0500

    Completed attributes, Closes #12

commit cb9f70a5a3a523d6fea983908082cab19214b261
Author: Alexander Parks <alexjparks1@gmail.com>
Date:   Mon Jun 26 01:17:24 2023 -0500

    Cleaned some files, completed formatting Wiki, Closes #11

commit 2dfb58d92facf6931d607ca4c23d55e4dfa28439
Merge: b50c299 48c11c1
Author: Alexander Parks <alexjparks1@gmail.com>
Date:   Mon Jun 26 01:16:48 2023 -0500

    Merge branch 'main' of gitlab.com:mkatiatran/cs-373-website

commit b50c299b0f2119323679098c22bd8f47a5b7d03a
Author: Alexander Parks <alexjparks1@gmail.com>
Date:   Mon Jun 26 01:16:27 2023 -0500

    Done formatting Wiki, closes #11

commit 48c11c1fd6bf764e92cac4f57cafb9f15fba1828
Author: Monique Tran <mkatiatran@gmail.com>
Date:   Mon Jun 26 01:14:56 2023 -0500

    made about-us page fit small, medium, large screens

commit c01b459705d90b669a5def111bad5a94e271e3c6
Author: Monique Tran <mkatiatran@gmail.com>
Date:   Mon Jun 26 00:43:47 2023 -0500

    added dynamic transition for hovering in navbar

commit 019796fd81c0305898465337af1b5421242c4d31
Author: Monique Tran <mkatiatran@gmail.com>
Date:   Mon Jun 26 00:36:22 2023 -0500

    made cards flexible with large, medium, small screens

commit 93812cd6fcb560f3b03f5dee160a5e83385b4db2
Author: Rey Sanchez Samper <sadansanchez3@gmail.com>
Date:   Sun Jun 25 23:03:46 2023 -0500

    Fixed the DIETRIOT button on the NavBar

commit a72a05b94574cae5ad3e1e0470b1eb4fc19eb142
Author: Rey Sanchez Samper <sadansanchez3@gmail.com>
Date:   Sun Jun 25 22:55:53 2023 -0500

    Fixed Home Buttons to the Model Pages

commit 623f05a1e6581b61b418a2a15d62c4262d095a3a
Author: Rey Sanchez Samper <sadansanchez3@gmail.com>
Date:   Sun Jun 25 22:43:48 2023 -0500

    Adjusted Home NavBar to match the others. Fixed the back image in About Us

commit 3f52460023464ef8cbf514b7d9ae9144d2037b26
Author: Heyu Zhou <regina.zhou@utexas.edu>
Date:   Sun Jun 25 22:34:57 2023 -0500

    fixed bugs for homepage

commit 92ee4c7597001cc42ec9a1bbc4ed241d0e9072f2
Author: Heyu Zhou <regina.zhou@utexas.edu>
Date:   Sun Jun 25 22:17:35 2023 -0500

    fixed some bugs for home page

commit 729125ef22ba55ee32a5c58b632b9939b7278b8c
Author: Heyu Zhou <regina.zhou@utexas.edu>
Date:   Sun Jun 25 21:30:20 2023 -0500

    upload index.html

commit fcbd8dce265a27099167bf0a2e81daa7a0ed9f4f
Author: Heyu Zhou <regina.zhou@utexas.edu>
Date:   Sun Jun 25 21:18:15 2023 -0500

    added bootstrap files

commit 2aab7b5990e6e984d97cf0fa77e3c07da2637341
Author: Heyu Zhou <regina.zhou@utexas.edu>
Date:   Sun Jun 25 21:15:42 2023 -0500

    working on splash page

commit 6f7f8572e2f14e3e6c4298358b10c93171198be2
Merge: b12f0db f070b09
Author: Heyu Zhou <regina.zhou@utexas.edu>
Date:   Sun Jun 25 21:13:33 2023 -0500

    Merge branch 'main' of gitlab.com:mkatiatran/cs-373-website

commit f070b0998c3446a198af812e05f6b86a8ce42c30
Author: Rey Sanchez Samper <sadansanchez3@gmail.com>
Date:   Sun Jun 25 18:44:00 2023 -0500

    Added the navbar to all the pages, fixed the bootstrap link on the instance pages for consistency

commit 9be3b32f5631e3cab9c65ba86f05d1fed9043e61
Author: Monique Tran <mkatiatran@gmail.com>
Date:   Sun Jun 25 18:20:04 2023 -0500

    added back search bar

commit 50f0103ded7f444be7efa7f529b35813916da001
Merge: 056b3a8 074698b
Author: Monique Tran <mkatiatran@gmail.com>
Date:   Sun Jun 25 18:09:58 2023 -0500

    fixed all instance pages

commit 056b3a83039d12bab94370b2be78350135bb1721
Merge: 7cb4430 f5123a6
Author: Monique Tran <mkatiatran@gmail.com>
Date:   Sun Jun 25 18:09:27 2023 -0500

    fixed all instance pages

commit 074698b7b849dae94f2c192b2e0eba7b257c21eb
Author: Rey Sanchez Samper <sadansanchez3@gmail.com>
Date:   Sun Jun 25 18:03:48 2023 -0500

    Moved the images from the assets directory to the static directory for flask. Changed about-us to correctly access the files from the right place on a venv

commit 7cb44302e991f2fc4b2f8e39bb70b95e42c71961
Author: Monique Tran <mkatiatran@gmail.com>
Date:   Sun Jun 25 17:34:47 2023 -0500

    working on ingredients-instance

commit f5123a6c8e4df631e2833014959e2825e0be8ff4
Author: Thomas Skrovan <thejaryak@gmail.com>
Date:   Sun Jun 25 15:50:17 2023 -0500

    re-established model linking on recipe instance page

commit a4d0ddc454adfee60c1e83553f86bf81824d1411
Merge: b0210ae b12f0db
Author: Monique Tran <mkatiatran@gmail.com>
Date:   Sun Jun 25 14:46:00 2023 -0500

    finished recipe-instance.html

commit b0210ae9e3a06497e8f30db633eb9b455164301f
Author: Monique Tran <mkatiatran@gmail.com>
Date:   Sun Jun 25 14:35:02 2023 -0500

    working on recipe-instance.html

commit b12f0dbcb15e25eb8f251001c0884a7d66f62a3e
Author: Heyu Zhou <regina.zhou@utexas.edu>
Date:   Sun Jun 25 12:55:50 2023 -0500

    added images for splash page

commit 79ef7a52ef8a493af639236b82a4c47964009d6e
Author: Heyu Zhou <regina.zhou@utexas.edu>
Date:   Sun Jun 25 12:54:48 2023 -0500

    working on homepage

commit 698839ad54b72d42b661b1ca8f27f007bb1fcf34
Merge: fefdec5 98cfeb4
Author: Heyu Zhou <regina.zhou@utexas.edu>
Date:   Sun Jun 25 12:53:55 2023 -0500

    Merge branch 'main' of gitlab.com:mkatiatran/cs-373-website

commit 98cfeb49fac5e99ad3d1c08dd6ab53bcb294878d
Merge: 0bfba58 9a16a4c
Author: Alexander Parks <alexjparks1@gmail.com>
Date:   Sat Jun 24 20:42:07 2023 -0500

    Merge branch 'main' of gitlab.com:mkatiatran/cs-373-website

commit 0bfba58f27d93a57dfc508694a76bd8023d663e4
Author: Alexander Parks <alexjparks1@gmail.com>
Date:   Sat Jun 24 20:41:35 2023 -0500

    Added Wiki link to About page, still creating and formatting Wiki

commit 9a16a4c8c9e2e8e69a09496908e16144eb8047af
Author: Rey Sanchez Samper <sadansanchez3@gmail.com>
Date:   Sat Jun 24 20:12:38 2023 -0500

    Added Regina and Alex's bios and pics

commit c5a00fa75af9193f6c80e4820cd0910c9f33df4c
Author: Rey Sanchez Samper <sadansanchez3@gmail.com>
Date:   Sat Jun 24 20:00:29 2023 -0500

    Added Stats and Data Sections. Dynamically fetches the number of commits and issues.

commit fefdec56b48397493a73a6e2ecd3cd6ebe3dcedc
Merge: e26b0f2 8814115
Author: Heyu Zhou <regina.zhou@utexas.edu>
Date:   Sat Jun 24 19:28:26 2023 -0500

    Merge branch 'main' of gitlab.com:mkatiatran/cs-373-website

commit 881411502194a065a60d5f7bc7bb5f96fc0965e6
Author: Thomas Skrovan <thejaryak@gmail.com>
Date:   Sat Jun 24 19:21:52 2023 -0500

    fixed inter-model linking

commit bcc8f8849ca25b7516428e59b4ae8c241aa8ddc4
Author: Rey Sanchez Samper <sadansanchez3@gmail.com>
Date:   Sat Jun 24 18:56:55 2023 -0500

    Added Profile Cards and Tools Used to About Us Page

commit 155330aec067336c18d363fbbabe234743d7c01a
Merge: 14beb69 563c0c5
Author: Monique Tran <mkatiatran@gmail.com>
Date:   Sat Jun 24 18:54:15 2023 -0500

    merged, still working on recipe instances

commit 14beb69d752704cd63caaf42999f1ca27ad98221
Author: Monique Tran <mkatiatran@gmail.com>
Date:   Sat Jun 24 18:53:23 2023 -0500

    working on recipe-instance.html

commit 563c0c543394909e9306624d8ad8fe64675e1e31
Author: Thomas Skrovan <thejaryak@gmail.com>
Date:   Sat Jun 24 18:45:01 2023 -0500

    finished rough version of instance pages for each model, implemented linkage between models

commit aac837e99ecde3e1ac62ce2a180c6b97862069a6
Merge: c1c9d4c e26b0f2
Author: Thomas Skrovan <thejaryak@gmail.com>
Date:   Sat Jun 24 16:14:06 2023 -0500

    Merge branch 'main' of https://gitlab.com/mkatiatran/cs-373-website

commit c1c9d4c6f612d1080666ee73979ea128c65e61f0
Author: Thomas Skrovan <thejaryak@gmail.com>
Date:   Sat Jun 24 16:13:46 2023 -0500

    created rough linkage from recipe instance cards to instance page

commit e26b0f2b9ad6804746905bd14f6234938784b889
Author: Monique Tran <mkatiatran@gmail.com>
Date:   Sat Jun 24 15:48:55 2023 -0500

    finished dietgroups.html

commit 0329670bc105622620e71439b228c2ad88780fa3
Merge: a05b87d 4683ca6
Author: Monique Tran <mkatiatran@gmail.com>
Date:   Sat Jun 24 15:26:24 2023 -0500

    fixed ingredients.html and recipes.html

commit a05b87d3bf4f808a4ab79e86be82ea168b240e7e
Author: Monique Tran <mkatiatran@gmail.com>
Date:   Sat Jun 24 15:23:22 2023 -0500

    finished recipes.html and ingredients.html

commit 4683ca60e8362347a4752caaf1242aee71acd512
Author: Thomas Skrovan <thejaryak@gmail.com>
Date:   Sat Jun 24 14:40:00 2023 -0500

    added CDN links for page style

commit 06fff45becdcad81c61a0767133f633b1977225f
Author: Alexander Parks <alexjparks1@gmail.com>
Date:   Fri Jun 23 23:35:07 2023 -0500

    Created instance templates for pages that show the image/attributes of an instance of a model

commit 705310cf16ad030e2d2ef95c49c66b5c133ef709
Author: Monique Tran <mkatiatran@gmail.com>
Date:   Fri Jun 23 22:16:44 2023 -0500

    linked navbar to pages with flask

commit 2018acbc75de2a66d5b3e454929623c69090f20d
Author: Monique Tran <mkatiatran@gmail.com>
Date:   Fri Jun 23 21:17:21 2023 -0500

    integrated with gcp and added flask framework

commit 9fb4ed1993123ccfc1ba0ae98c37f96af1ba4500
Author: Monique Tran <mkatiatran@gmail.com>
Date:   Sat Jun 24 01:36:52 2023 +0000

    Add new file

commit d9ae1f7b01a0df648957e25253274b10aade36f5
Merge: 73b7209 5130385
Author: Heyu Zhou <regina.zhou@utexas.edu>
Date:   Fri Jun 23 19:50:43 2023 -0500

    deleted trial file

commit 5130385c45dac3f298ad49b1ea7fc49856f86209
Author: Regina Zhou <regina.zhou@utexas.edu>
Date:   Sat Jun 24 00:49:23 2023 +0000

    Delete Navbar.html

commit 73b72090266c132f80156c0c001c0e9752f26f73
Author: Heyu Zhou <regina.zhou@utexas.edu>
Date:   Fri Jun 23 19:49:00 2023 -0500

    added files for homepage

commit f18b02e5f9b14b4f38b95cf66abaf16cc0323d9a
Author: Heyu Zhou <regina.zhou@utexas.edu>
Date:   Fri Jun 23 19:48:02 2023 -0500

    try add file

commit c8ea5fb45135cfcf7d985eb67769e82a55f705dc
Author: Monique Tran <mkatiatran@gmail.com>
Date:   Fri Jun 23 22:01:04 2023 +0000

    Add new file

commit eb3393b0f06edf63a0353a099412eb5f1ed6c2e4
Author: Monique Tran <mkatiatran@gmail.com>
Date:   Fri Jun 23 22:00:45 2023 +0000

    Add new file

commit 082d5fb73bcc2e58d3cd23fc0d8c969d65012959
Author: Monique Tran <mkatiatran@gmail.com>
Date:   Sat Jun 17 20:36:03 2023 +0000

    Initial commit
